<?xml version="1.0" encoding="UTF-8"?>
<!-- Generated by org.testng.reporters.JUnitXMLReporter -->
<testsuite ignored="2" hostname="LAPTOP-5HVVEL57" failures="1" tests="2" name="Test-CP" time="66.384" errors="0" timestamp="2025-12-19T18:06:18 IST">
  <testcase classname="calender.AddingAnEventinaDayTest" name="addingAnEventinaDayTest" time="32.5"/>
  <testcase classname="product.AddingProductTest" name="addingProductTest" time="12.511">
    <failure type="java.lang.AssertionError" message="expected [false] but found [true]">
      <![CDATA[java.lang.AssertionError: expected [false] but found [true]
at ObjectRepo.CreateNewProductPage.createNewProduct(CreateNewProductPage.java:38)
at product.AddingProductTest.addingProductTest(AddingProductTest.java:48)
at java.base/java.util.ArrayList.forEach(ArrayList.java:1596)
at java.base/java.util.concurrent.FutureTask.run(FutureTask.java:317)
at java.base/java.util.concurrent.ThreadPoolExecutor.runWorker(ThreadPoolExecutor.java:1144)
at java.base/java.util.concurrent.ThreadPoolExecutor$Worker.run(ThreadPoolExecutor.java:642)
at java.base/java.lang.Thread.run(Thread.java:1583)
... Removed 22 stack frames]]>
    </failure>
  </testcase> <!-- addingProductTest -->
  <testcase classname="genericUtilities.BaseClass" name="@BeforeSuite connectToDB" time="0.0">
    <ignored/>
  </testcase> <!-- @BeforeSuite connectToDB -->
  <testcase classname="genericUtilities.BaseClass" name="@AfterSuite disConnectFromDB" time="0.0">
    <ignored/>
  </testcase> <!-- @AfterSuite disConnectFromDB -->
</testsuite> <!-- Test-CP -->
