<?xml version="1.0" encoding="UTF-8"?>
<!-- Generated by org.testng.reporters.JUnitXMLReporter -->
<testsuite ignored="0" hostname="LAPTOP-5HVVEL57" failures="0" tests="2" name="Test_Con" time="83.166" errors="0" timestamp="2025-12-18T11:09:53 IST">
  <testcase classname="contacts.ContactsModuleClass" name="createContactsTest" time="44.733"/>
  <testcase classname="contacts.ContactsModuleClass" name="createContactsWithIndustryTest" time="0.0">
    <skipped/>
  </testcase> <!-- createContactsWithIndustryTest -->
</testsuite> <!-- Test_Con -->
