<?xml version="1.0" encoding="UTF-8"?>
<!-- Generated by org.testng.reporters.JUnitXMLReporter -->
<testsuite ignored="0" hostname="LAPTOP-5HVVEL57" failures="0" tests="4" name="Testn1" time="33.386" errors="0" timestamp="2025-12-17T16:04:56 IST">
  <testcase classname="TestNG_Practice.SampleTest" name="sample_M3" time="0.005"/>
  <testcase classname="TestNG_Practice.SampleTest" name="sample_M1" time="0.013"/>
  <testcase classname="TestNG_Practice.SampleTest" name="sample_M2" time="0.001"/>
  <testcase classname="TestNG_Practice.SampleTest" name="sample_M4" time="0.008"/>
</testsuite> <!-- Testn1 -->
