<?xml version="1.0" encoding="UTF-8"?>
<!-- Generated by org.testng.reporters.JUnitXMLReporter -->
<testsuite ignored="2" hostname="LAPTOP-5HVVEL57" failures="1" tests="3" name="Test" time="92.008" errors="0" timestamp="2025-12-19T17:23:28 IST">
  <testcase classname="leads.LeadsmoduleClass" name="creatingALeadsTest" time="39.22"/>
  <testcase classname="leads.LeadsmoduleClass" name="creatingLeadsWithQuickCreate" time="22.488"/>
  <testcase classname="product.AddingProductTest" name="addingProductTest" time="7.943">
    <failure type="java.lang.AssertionError" message="null">
      <![CDATA[java.lang.AssertionError: null
at ObjectRepo.CreateNewProductPage.createNewProduct(CreateNewProductPage.java:38)
at product.AddingProductTest.addingProductTest(AddingProductTest.java:47)
at java.base/java.util.ArrayList.forEach(ArrayList.java:1596)
at java.base/java.util.concurrent.FutureTask.run(FutureTask.java:317)
at java.base/java.util.concurrent.ThreadPoolExecutor.runWorker(ThreadPoolExecutor.java:1144)
at java.base/java.util.concurrent.ThreadPoolExecutor$Worker.run(ThreadPoolExecutor.java:642)
at java.base/java.lang.Thread.run(Thread.java:1583)
... Removed 17 stack frames]]>
    </failure>
  </testcase> <!-- addingProductTest -->
  <testcase classname="genericUtilities.BaseClass" name="@BeforeSuite connectToDB" time="0.0">
    <ignored/>
  </testcase> <!-- @BeforeSuite connectToDB -->
  <testcase classname="genericUtilities.BaseClass" name="@AfterSuite disConnectFromDB" time="0.0">
    <ignored/>
  </testcase> <!-- @AfterSuite disConnectFromDB -->
</testsuite> <!-- Test -->
