<?xml version="1.0" encoding="UTF-8"?>
<!-- Generated by org.testng.reporters.JUnitXMLReporter -->
<testsuite ignored="0" hostname="LAPTOP-5HVVEL57" failures="0" tests="2" name="Test_FF" time="42.099" errors="0" timestamp="2025-12-22T12:08:28 IST">
  <testcase classname="organization.OrganizationModuleClass" name="createOrgWithMandatoryFieldTest" time="11.671"/>
  <testcase classname="organization.OrganizationModuleClass" name="creatingOrgWithIndTypeTest" time="11.571"/>
</testsuite> <!-- Test_FF -->
