<?xml version="1.0" encoding="UTF-8"?>
<!-- Generated by org.testng.reporters.JUnitXMLReporter -->
<testsuite ignored="0" hostname="LAPTOP-5HVVEL57" failures="0" tests="4" name="Testn3" time="0.466" errors="0" timestamp="2025-12-17T16:04:23 IST">
  <testcase classname="TestNG_Practice.SampleTest" name="sample_M3" time="0.0">
    <skipped/>
  </testcase> <!-- sample_M3 -->
  <testcase classname="TestNG_Practice.SampleTest" name="sample_M1" time="0.0">
    <skipped/>
  </testcase> <!-- sample_M1 -->
  <testcase classname="TestNG_Practice.SampleTest" name="sample_M2" time="0.001">
    <skipped/>
  </testcase> <!-- sample_M2 -->
  <testcase classname="TestNG_Practice.SampleTest" name="sample_M4" time="0.0">
    <skipped/>
  </testcase> <!-- sample_M4 -->
</testsuite> <!-- Testn3 -->
