<?xml version="1.0" encoding="UTF-8"?>
<!-- Generated by org.testng.reporters.JUnitXMLReporter -->
<testsuite ignored="0" hostname="LAPTOP-5HVVEL57" failures="0" tests="2" name="Test_C" time="39.535" errors="0" timestamp="2025-12-22T12:08:25 IST">
  <testcase classname="organization.OrganizationModuleClass" name="createOrgWithMandatoryFieldTest" time="14.07"/>
  <testcase classname="organization.OrganizationModuleClass" name="creatingOrgWithIndTypeTest" time="12.308"/>
</testsuite> <!-- Test_C -->
