<?xml version="1.0" encoding="UTF-8"?>
<testng-results ignored="0" total="1" passed="1" failed="0" skipped="0">
  <reporter-output>
  </reporter-output>
  <suite started-at="2025-12-10T22:41:43 IST" name="Surefire suite" finished-at="2025-12-10T22:41:43 IST" duration-ms="69">
    <groups>
    </groups>
    <test started-at="2025-12-10T22:41:43 IST" name="Surefire test" finished-at="2025-12-10T22:41:43 IST" duration-ms="69">
      <class name="practiceAS1.ReadtheFileFromCmd">
        <test-method signature="readfromCMD()[pri:0, instance:practiceAS1.ReadtheFileFromCmd@30b7c004]" started-at="2025-12-10T22:41:43 IST" name="readfromCMD" finished-at="2025-12-10T22:41:43 IST" duration-ms="12" status="PASS">
          <reporter-output>
          </reporter-output>
        </test-method> <!-- readfromCMD -->
      </class> <!-- practiceAS1.ReadtheFileFromCmd -->
    </test> <!-- Surefire test -->
  </suite> <!-- Surefire suite -->
</testng-results>
