<?xml version="1.0" encoding="UTF-8"?>
<!-- Generated by org.testng.reporters.JUnitReportReporter -->
<testsuite hostname="LAPTOP-5HVVEL57" failures="0" tests="3" name="TestNG_Practice.DataProviderTest1" time="0.022" errors="0" timestamp="2025-12-15T17:38:59 IST" skipped="0">
  <testcase classname="TestNG_Practice.DataProviderTest1" name="getData" time="0.014"/>
  <testcase classname="TestNG_Practice.DataProviderTest1" name="getData" time="0.005"/>
  <testcase classname="TestNG_Practice.DataProviderTest1" name="getData" time="0.003"/>
</testsuite> <!-- TestNG_Practice.DataProviderTest1 -->
