<?xml version="1.0" encoding="UTF-8"?>
<!-- Generated by org.testng.reporters.JUnitReportReporter -->
<testsuite hostname="LAPTOP-5HVVEL57" failures="0" tests="2" name="contacts.ContactsModuleClass" time="32.355" errors="0" timestamp="2025-12-18T16:11:55 IST" skipped="0">
  <testcase classname="contacts.ContactsModuleClass" name="createContactsWithIndustryTest" time="20.676"/>
  <testcase classname="contacts.ContactsModuleClass" name="createContactsTest" time="11.679"/>
</testsuite> <!-- contacts.ContactsModuleClass -->
