<?xml version="1.0" encoding="UTF-8"?>
<!-- Generated by org.testng.reporters.JUnitReportReporter -->
<testsuite hostname="LAPTOP-5HVVEL57" failures="0" tests="4" name="TestNG_Practice.DataProviderTest2" time="0.021" errors="0" timestamp="2025-12-16T12:21:18 IST" skipped="0">
  <testcase classname="TestNG_Practice.DataProviderTest2" name="getExcelData" time="0.003"/>
  <testcase classname="TestNG_Practice.DataProviderTest2" name="getExcelData" time="0.013"/>
  <testcase classname="TestNG_Practice.DataProviderTest2" name="getExcelData" time="0.003"/>
  <testcase classname="TestNG_Practice.DataProviderTest2" name="getExcelData" time="0.002"/>
</testsuite> <!-- TestNG_Practice.DataProviderTest2 -->
