<?xml version="1.0" encoding="UTF-8"?>
<!-- Generated by org.testng.reporters.JUnitReportReporter -->
<testsuite hostname="LAPTOP-5HVVEL57" failures="0" tests="4" name="organization.OrganizationModuleClass" time="67.861" errors="0" timestamp="2025-12-22T12:08:28 IST" skipped="0">
  <testcase classname="organization.OrganizationModuleClass" name="createOrgWithMandatoryFieldTest" time="15.849"/>
  <testcase classname="organization.OrganizationModuleClass" name="createOrgWithMandatoryFieldTest" time="18.312"/>
  <testcase classname="organization.OrganizationModuleClass" name="creatingOrgWithIndTypeTest" time="17.891"/>
  <testcase classname="organization.OrganizationModuleClass" name="creatingOrgWithIndTypeTest" time="15.809"/>
</testsuite> <!-- organization.OrganizationModuleClass -->
