<?xml version="1.0" encoding="UTF-8"?>
<!-- Generated by org.testng.reporters.JUnitReportReporter -->
<testsuite hostname="LAPTOP-5HVVEL57" failures="0" tests="2" name="TestNG_Practice.LoginDataProviderTest" time="19.283" errors="0" timestamp="2025-12-16T10:34:44 IST" skipped="0">
  <testcase classname="TestNG_Practice.LoginDataProviderTest" name="data" time="2.621"/>
  <testcase classname="TestNG_Practice.LoginDataProviderTest" name="data" time="16.662"/>
</testsuite> <!-- TestNG_Practice.LoginDataProviderTest -->
