<?xml version="1.0" encoding="UTF-8"?>
<!-- Generated by org.testng.reporters.JUnitReportReporter -->
<testsuite hostname="LAPTOP-5HVVEL57" failures="0" tests="4" name="TestNG_Practice.DemoClass1" time="45.036" errors="0" timestamp="2025-12-17T15:09:04 IST" skipped="0">
  <testcase classname="TestNG_Practice.DemoClass1" name="dm1" time="11.542"/>
  <testcase classname="TestNG_Practice.DemoClass1" name="dm2" time="10.206"/>
  <testcase classname="TestNG_Practice.DemoClass1" name="impact1" time="11.454"/>
  <testcase classname="TestNG_Practice.DemoClass1" name="impact" time="11.834"/>
</testsuite> <!-- TestNG_Practice.DemoClass1 -->
