<?xml version="1.0" encoding="UTF-8"?>
<!-- Generated by org.testng.reporters.JUnitReportReporter -->
<testsuite hostname="LAPTOP-5HVVEL57" failures="0" tests="2" name="contacts.CreateContactsTest" time="45.110" errors="0" timestamp="2025-12-16T16:03:34 IST" skipped="0">
  <testcase classname="contacts.CreateContactsTest" name="createContactsWithIndustryTest" time="29.219"/>
  <testcase classname="contacts.CreateContactsTest" name="createContactsTest" time="15.891"/>
</testsuite> <!-- contacts.CreateContactsTest -->
