<?xml version="1.0" encoding="UTF-8"?>
<!-- Generated by org.testng.reporters.JUnitReportReporter -->
<testsuite hostname="LAPTOP-5HVVEL57" failures="0" tests="2" name="organization.CreateOrgWithMandatoryFieldTest" time="35.217" errors="0" timestamp="2025-12-16T16:15:27 IST" skipped="0">
  <testcase classname="organization.CreateOrgWithMandatoryFieldTest" name="createOrgWithMandatoryFieldTest" time="17.362"/>
  <testcase classname="organization.CreateOrgWithMandatoryFieldTest" name="creatingOrgWithIndTypeTest" time="17.855"/>
</testsuite> <!-- organization.CreateOrgWithMandatoryFieldTest -->
