<?xml version="1.0" encoding="UTF-8"?>
<!-- Generated by org.testng.reporters.JUnitReportReporter -->
<testsuite hostname="LAPTOP-5HVVEL57" failures="0" tests="2" name="leads.LeadsmoduleClass" time="64.602" errors="0" timestamp="2025-12-19T18:06:25 IST" skipped="0">
  <testcase classname="leads.LeadsmoduleClass" name="creatingLeadsWithQuickCreate" time="35.528"/>
  <testcase classname="leads.LeadsmoduleClass" name="creatingALeadsTest" time="29.074"/>
</testsuite> <!-- leads.LeadsmoduleClass -->
