<?xml version="1.0" encoding="UTF-8"?>
<!-- Generated by org.testng.reporters.JUnitReportReporter -->
<testsuite hostname="LAPTOP-5HVVEL57" failures="0" tests="2" name="leads.CreatingALeadsTest" time="39.858" errors="0" timestamp="2025-12-16T16:22:19 IST" skipped="0">
  <testcase classname="leads.CreatingALeadsTest" name="creatingLeadsWithQuickCreate" time="24.908"/>
  <testcase classname="leads.CreatingALeadsTest" name="creatingALeadsTest" time="14.950"/>
</testsuite> <!-- leads.CreatingALeadsTest -->
